<?xml version="1.0" encoding="UTF-8"?>
<!-- Generated by org.testng.reporters.JUnitXMLReporter -->
<testsuite hostname="HilchukA" name="Default test" tests="10" failures="0" timestamp="23 Sep 2015 09:34:33 GMT" time="0.024" errors="0">
  <testcase name="@BeforeSuite beforeSuite" time="0.0" classname="test.testng.HoVSmokeTestsSuite">
    <failure type="org.testng.TestNGException" message="
Parameter &amp;apos;browser&amp;apos; is required by @Configuration on method beforeSuite but has not been marked @Optional or defined
in C:\Users\a.hilchuk\AppData\Local\Temp\testng-eclipse--945425345\testng-customsuite.xml">
      <![CDATA[org.testng.TestNGException: 
Parameter 'browser' is required by @Configuration on method beforeSuite but has not been marked @Optional or defined
in C:\Users\a.hilchuk\AppData\Local\Temp\testng-eclipse--945425345\testng-customsuite.xml
	at org.testng.internal.Parameters.createParameters(Parameters.java:155)
	at org.testng.internal.Parameters.createParameters(Parameters.java:358)
	at org.testng.internal.Parameters.createConfigurationParameters(Parameters.java:86)
	at org.testng.internal.Invoker.invokeConfigurations(Invoker.java:199)
	at org.testng.internal.Invoker.invokeConfigurations(Invoker.java:138)
	at org.testng.SuiteRunner.privateRun(SuiteRunner.java:277)
	at org.testng.SuiteRunner.run(SuiteRunner.java:240)
	at org.testng.SuiteRunnerWorker.runSuite(SuiteRunnerWorker.java:52)
	at org.testng.SuiteRunnerWorker.run(SuiteRunnerWorker.java:86)
	at org.testng.TestNG.runSuitesSequentially(TestNG.java:1224)
	at org.testng.TestNG.runSuitesLocally(TestNG.java:1149)
	at org.testng.TestNG.run(TestNG.java:1057)
	at org.testng.remote.RemoteTestNG.run(RemoteTestNG.java:111)
	at org.testng.remote.RemoteTestNG.initAndRun(RemoteTestNG.java:204)
	at org.testng.remote.RemoteTestNG.main(RemoteTestNG.java:175)
]]>
    </failure>
  </testcase> <!-- @BeforeSuite beforeSuite -->
  <testcase name="FreshInstallTest" time="0.001" classname="test.testng.HoVSmokeTestsSuite">
    <skipped/>
  </testcase> <!-- FreshInstallTest -->
  <testcase name="TutorialInstigates" time="0.001" classname="test.testng.HoVSmokeTestsSuite">
    <skipped/>
  </testcase> <!-- TutorialInstigates -->
  <testcase name="DailyBonusPresent" time="0.001" classname="test.testng.HoVSmokeTestsSuite">
    <skipped/>
  </testcase> <!-- DailyBonusPresent -->
  <testcase name="CollectHourlyBonus" time="0.001" classname="test.testng.HoVSmokeTestsSuite">
    <skipped/>
  </testcase> <!-- CollectHourlyBonus -->
  <testcase name="HelpFanPageOpen" time="0.0" classname="test.testng.HoVSmokeTestsSuite">
    <skipped/>
  </testcase> <!-- HelpFanPageOpen -->
  <testcase name="PlacedInLobby" time="0.001" classname="test.testng.HoVSmokeTestsSuite">
    <skipped/>
  </testcase> <!-- PlacedInLobby -->
  <testcase name="BuyAllCoinPackages" time="0.0" classname="test.testng.HoVSmokeTestsSuite">
    <skipped/>
  </testcase> <!-- BuyAllCoinPackages -->
  <testcase name="QuickBuyFunctional" time="0.0" classname="test.testng.HoVSmokeTestsSuite">
    <skipped/>
  </testcase> <!-- QuickBuyFunctional -->
  <testcase name="EnabledCRMsAppear" time="0.0" classname="test.testng.HoVSmokeTestsSuite">
    <skipped/>
  </testcase> <!-- EnabledCRMsAppear -->
  <testcase name="SlotMachinesPresent" time="0.0" classname="test.testng.HoVSmokeTestsSuite">
    <skipped/>
  </testcase> <!-- SlotMachinesPresent -->
</testsuite> <!-- Default test -->
