<?xml version="1.0" encoding="UTF-8"?>
<!-- Generated by org.testng.reporters.JUnitXMLReporter -->
<testsuite hostname="N56VZ" name="Default test" tests="10" failures="0" timestamp="16 Sep 2015 07:54:09 GMT" time="80.293" errors="0">
  <testcase name="FreshInstallTest" time="19.963" classname="test.testng.HoVSmokeTestsSuite"/>
  <testcase name="TutorialInstigates" time="3.554" classname="test.testng.HoVSmokeTestsSuite"/>
  <testcase name="PlacedInLobby" time="11.865" classname="test.testng.HoVSmokeTestsSuite"/>
  <testcase name="DailyBonusPresent" time="3.872" classname="test.testng.HoVSmokeTestsSuite"/>
  <testcase name="EnabledCRMsAppear" time="3.766" classname="test.testng.HoVSmokeTestsSuite"/>
  <testcase name="HelpFanPageOpen" time="4.245" classname="test.testng.HoVSmokeTestsSuite"/>
  <testcase name="BuyAllCoinPackages" time="3.963" classname="test.testng.HoVSmokeTestsSuite"/>
  <testcase name="QuickBuyFunctional" time="4.094" classname="test.testng.HoVSmokeTestsSuite"/>
  <testcase name="CollectHourlyBonus" time="3.958" classname="test.testng.HoVSmokeTestsSuite"/>
  <testcase name="SlotMachinesPresent" time="20.988" classname="test.testng.HoVSmokeTestsSuite"/>
</testsuite> <!-- Default test -->
