# JRE version: Java(TM) SE Runtime Environment (8.0_51-b16) (build 1.8.0_51-b16)
# Java VM: Java HotSpot(TM) 64-Bit Server VM (25.51-b03 mixed mode windows-amd64 compressed oops)
Heap:
 PSYoungGen      total 201216K, used 40032K [0x00000000d5e00000, 0x00000000e2a00000, 0x0000000100000000)
  eden space 200192K, 19% used [0x00000000d5e00000,0x00000000d84f02d0,0x00000000e2180000)
  from space 1024K, 15% used [0x00000000e2280000,0x00000000e22a8000,0x00000000e2380000)
  to   space 1024K, 0% used [0x00000000e2180000,0x00000000e2180000,0x00000000e2280000)
 ParOldGen       total 288768K, used 106682K [0x0000000081a00000, 0x0000000093400000, 0x00000000d5e00000)
  object space 288768K, 36% used [0x0000000081a00000,0x000000008822e9f8,0x0000000093400000)
 Metaspace       used 8301K, capacity 8444K, committed 8704K, reserved 1056768K
  class space    used 896K, capacity 957K, committed 1024K, reserved 1048576K
GC Heap History (10 events):
Event: 21.181 GC heap before
{Heap before GC invocations=19 (full 6):
 PSYoungGen      total 146944K, used 145920K [0x00000000d5e00000, 0x00000000def80000, 0x0000000100000000)
  eden space 145920K, 100% used [0x00000000d5e00000,0x00000000dec80000,0x00000000dec80000)
  from space 1024K, 0% used [0x00000000dee80000,0x00000000dee80000,0x00000000def80000)
  to   space 1536K, 0% used [0x00000000dec80000,0x00000000dec80000,0x00000000dee00000)
 ParOldGen       total 242688K, used 41871K [0x0000000081a00000, 0x0000000090700000, 0x00000000d5e00000)
  object space 242688K, 17% used [0x0000000081a00000,0x00000000842e3e78,0x0000000090700000)
 Metaspace       used 8264K, capacity 8444K, committed 8704K, reserved 1056768K
  class space    used 896K, capacity 957K, committed 1024K, reserved 1048576K
Event: 21.187 GC heap after
Heap after GC invocations=19 (full 6):
 PSYoungGen      total 147456K, used 160K [0x00000000d5e00000, 0x00000000e0e00000, 0x0000000100000000)
  eden space 145920K, 0% used [0x00000000d5e00000,0x00000000d5e00000,0x00000000dec80000)
  from space 1536K, 10% used [0x00000000dec80000,0x00000000deca8000,0x00000000dee00000)
  to   space 1536K, 0% used [0x00000000e0c80000,0x00000000e0c80000,0x00000000e0e00000)
 ParOldGen       total 242688K, used 90479K [0x0000000081a00000, 0x0000000090700000, 0x00000000d5e00000)
  object space 242688K, 37% used [0x0000000081a00000,0x000000008725bed8,0x0000000090700000)
 Metaspace       used 8264K, capacity 8444K, committed 8704K, reserved 1056768K
  class space    used 896K, capacity 957K, committed 1024K, reserved 1048576K
}
Event: 35.557 GC heap before
{Heap before GC invocations=20 (full 6):
 PSYoungGen      total 147456K, used 146080K [0x00000000d5e00000, 0x00000000e0e00000, 0x0000000100000000)
  eden space 145920K, 100% used [0x00000000d5e00000,0x00000000dec80000,0x00000000dec80000)
  from space 1536K, 10% used [0x00000000dec80000,0x00000000deca8000,0x00000000dee00000)
  to   space 1536K, 0% used [0x00000000e0c80000,0x00000000e0c80000,0x00000000e0e00000)
 ParOldGen       total 242688K, used 90479K [0x0000000081a00000, 0x0000000090700000, 0x00000000d5e00000)
  object space 242688K, 37% used [0x0000000081a00000,0x000000008725bed8,0x0000000090700000)
 Metaspace       used 8290K, capacity 8444K, committed 8704K, reserved 1056768K
  class space    used 896K, capacity 957K, committed 1024K, reserved 1048576K
Event: 35.563 GC heap after
Heap after GC invocations=20 (full 6):
 PSYoungGen      total 172544K, used 160K [0x00000000d5e00000, 0x00000000e0d00000, 0x0000000100000000)
  eden space 172032K, 0% used [0x00000000d5e00000,0x00000000d5e00000,0x00000000e0600000)
  from space 512K, 31% used [0x00000000e0c80000,0x00000000e0ca8000,0x00000000e0d00000)
  to   space 1024K, 0% used [0x00000000e0b00000,0x00000000e0b00000,0x00000000e0c00000)
 ParOldGen       total 242688K, used 147187K [0x0000000081a00000, 0x0000000090700000, 0x00000000d5e00000)
  object space 242688K, 60% used [0x0000000081a00000,0x000000008a9bcf48,0x0000000090700000)
 Metaspace       used 8290K, capacity 8444K, committed 8704K, reserved 1056768K
  class space    used 896K, capacity 957K, committed 1024K, reserved 1048576K
}
Event: 38.550 GC heap before
{Heap before GC invocations=21 (full 6):
 PSYoungGen      total 172544K, used 172192K [0x00000000d5e00000, 0x00000000e0d00000, 0x0000000100000000)
  eden space 172032K, 100% used [0x00000000d5e00000,0x00000000e0600000,0x00000000e0600000)
  from space 512K, 31% used [0x00000000e0c80000,0x00000000e0ca8000,0x00000000e0d00000)
  to   space 1024K, 0% used [0x00000000e0b00000,0x00000000e0b00000,0x00000000e0c00000)
 ParOldGen       total 242688K, used 147187K [0x0000000081a00000, 0x0000000090700000, 0x00000000d5e00000)
  object space 242688K, 60% used [0x0000000081a00000,0x000000008a9bcf48,0x0000000090700000)
 Metaspace       used 8291K, capacity 8444K, committed 8704K, reserved 1056768K
  class space    used 896K, capacity 957K, committed 1024K, reserved 1048576K
Event: 38.561 GC heap after
Heap after GC invocations=21 (full 6):
 PSYoungGen      total 178176K, used 128K [0x00000000d5e00000, 0x00000000e2380000, 0x0000000100000000)
  eden space 177152K, 0% used [0x00000000d5e00000,0x00000000d5e00000,0x00000000e0b00000)
  from space 1024K, 12% used [0x00000000e0b00000,0x00000000e0b20000,0x00000000e0c00000)
  to   space 1024K, 0% used [0x00000000e2280000,0x00000000e2280000,0x00000000e2380000)
 ParOldGen       total 242688K, used 187687K [0x0000000081a00000, 0x0000000090700000, 0x00000000d5e00000)
  object space 242688K, 77% used [0x0000000081a00000,0x000000008d149f98,0x0000000090700000)
 Metaspace       used 8291K, capacity 8444K, committed 8704K, reserved 1056768K
  class space    used 896K, capacity 957K, committed 1024K, reserved 1048576K
}
Event: 38.561 GC heap before
{Heap before GC invocations=22 (full 7):
 PSYoungGen      total 178176K, used 128K [0x00000000d5e00000, 0x00000000e2380000, 0x0000000100000000)
  eden space 177152K, 0% used [0x00000000d5e00000,0x00000000d5e00000,0x00000000e0b00000)
  from space 1024K, 12% used [0x00000000e0b00000,0x00000000e0b20000,0x00000000e0c00000)
  to   space 1024K, 0% used [0x00000000e2280000,0x00000000e2280000,0x00000000e2380000)
 ParOldGen       total 242688K, used 187687K [0x0000000081a00000, 0x0000000090700000, 0x00000000d5e00000)
  object space 242688K, 77% used [0x0000000081a00000,0x000000008d149f98,0x0000000090700000)
 Metaspace       used 8291K, capacity 8444K, committed 8704K, reserved 1056768K
  class space    used 896K, capacity 957K, committed 1024K, reserved 1048576K
Event: 38.570 GC heap after
Heap after GC invocations=22 (full 7):
 PSYoungGen      total 178176K, used 0K [0x00000000d5e00000, 0x00000000e2380000, 0x0000000100000000)
  eden space 177152K, 0% used [0x00000000d5e00000,0x00000000d5e00000,0x00000000e0b00000)
  from space 1024K, 0% used [0x00000000e0b00000,0x00000000e0b00000,0x00000000e0c00000)
  to   space 1024K, 0% used [0x00000000e2280000,0x00000000e2280000,0x00000000e2380000)
 ParOldGen       total 288768K, used 58074K [0x0000000081a00000, 0x0000000093400000, 0x00000000d5e00000)
  object space 288768K, 20% used [0x0000000081a00000,0x00000000852b6998,0x0000000093400000)
 Metaspace       used 8291K, capacity 8444K, committed 8704K, reserved 1056768K
  class space    used 896K, capacity 957K, committed 1024K, reserved 1048576K
}
Event: 48.330 GC heap before
{Heap before GC invocations=23 (full 7):
 PSYoungGen      total 178176K, used 177152K [0x00000000d5e00000, 0x00000000e2380000, 0x0000000100000000)
  eden space 177152K, 100% used [0x00000000d5e00000,0x00000000e0b00000,0x00000000e0b00000)
  from space 1024K, 0% used [0x00000000e0b00000,0x00000000e0b00000,0x00000000e0c00000)
  to   space 1024K, 0% used [0x00000000e2280000,0x00000000e2280000,0x00000000e2380000)
 ParOldGen       total 288768K, used 58074K [0x0000000081a00000, 0x0000000093400000, 0x00000000d5e00000)
  object space 288768K, 20% used [0x0000000081a00000,0x00000000852b6998,0x0000000093400000)
 Metaspace       used 8298K, capacity 8444K, committed 8704K, reserved 1056768K
  class space    used 896K, capacity 957K, committed 1024K, reserved 1048576K
Event: 48.335 GC heap after
Heap after GC invocations=23 (full 7):
 PSYoungGen      total 201216K, used 160K [0x00000000d5e00000, 0x00000000e2a00000, 0x0000000100000000)
  eden space 200192K, 0% used [0x00000000d5e00000,0x00000000d5e00000,0x00000000e2180000)
  from space 1024K, 15% used [0x00000000e2280000,0x00000000e22a8000,0x00000000e2380000)
  to   space 1024K, 0% used [0x00000000e2180000,0x00000000e2180000,0x00000000e2280000)
 ParOldGen       total 288768K, used 106682K [0x0000000081a00000, 0x0000000093400000, 0x00000000d5e00000)
  object space 288768K, 36% used [0x0000000081a00000,0x000000008822e9f8,0x0000000093400000)
 Metaspace       used 8298K, capacity 8444K, committed 8704K, reserved 1056768K
  class space    used 896K, capacity 957K, committed 1024K, reserved 1048576K
}

