# JRE version: Java(TM) SE Runtime Environment (8.0_51-b16) (build 1.8.0_51-b16)
# Java VM: Java HotSpot(TM) 64-Bit Server VM (25.51-b03 mixed mode windows-amd64 compressed oops)
Heap:
 PSYoungGen      total 38400K, used 16456K [0x00000000d5e00000, 0x00000000d9680000, 0x0000000100000000)
  eden space 33280K, 49% used [0x00000000d5e00000,0x00000000d6e12308,0x00000000d7e80000)
  from space 5120K, 0% used [0x00000000d7e80000,0x00000000d7e80000,0x00000000d8380000)
  to   space 5120K, 0% used [0x00000000d9180000,0x00000000d9180000,0x00000000d9680000)
 ParOldGen       total 138240K, used 33933K [0x0000000081a00000, 0x000000008a100000, 0x00000000d5e00000)
  object space 138240K, 24% used [0x0000000081a00000,0x0000000083b23688,0x000000008a100000)
 Metaspace       used 7843K, capacity 8028K, committed 8192K, reserved 1056768K
  class space    used 857K, capacity 925K, committed 1024K, reserved 1048576K
GC Heap History (10 events):
Event: 2.429 GC heap before
{Heap before GC invocations=1 (full 0):
 PSYoungGen      total 38400K, used 32176K [0x00000000d5e00000, 0x00000000d8880000, 0x0000000100000000)
  eden space 33280K, 96% used [0x00000000d5e00000,0x00000000d7d6c080,0x00000000d7e80000)
  from space 5120K, 0% used [0x00000000d8380000,0x00000000d8380000,0x00000000d8880000)
  to   space 5120K, 0% used [0x00000000d7e80000,0x00000000d7e80000,0x00000000d8380000)
 ParOldGen       total 87552K, used 0K [0x0000000081a00000, 0x0000000086f80000, 0x00000000d5e00000)
  object space 87552K, 0% used [0x0000000081a00000,0x0000000081a00000,0x0000000086f80000)
 Metaspace       used 7612K, capacity 7804K, committed 7808K, reserved 1056768K
  class space    used 826K, capacity 893K, committed 896K, reserved 1048576K
Event: 2.439 GC heap after
Heap after GC invocations=1 (full 0):
 PSYoungGen      total 38400K, used 1651K [0x00000000d5e00000, 0x00000000d8880000, 0x0000000100000000)
  eden space 33280K, 0% used [0x00000000d5e00000,0x00000000d5e00000,0x00000000d7e80000)
  from space 5120K, 32% used [0x00000000d7e80000,0x00000000d801cef0,0x00000000d8380000)
  to   space 5120K, 0% used [0x00000000d8380000,0x00000000d8380000,0x00000000d8880000)
 ParOldGen       total 87552K, used 48608K [0x0000000081a00000, 0x0000000086f80000, 0x00000000d5e00000)
  object space 87552K, 55% used [0x0000000081a00000,0x0000000084978060,0x0000000086f80000)
 Metaspace       used 7612K, capacity 7804K, committed 7808K, reserved 1056768K
  class space    used 826K, capacity 893K, committed 896K, reserved 1048576K
}
Event: 2.439 GC heap before
{Heap before GC invocations=2 (full 1):
 PSYoungGen      total 38400K, used 1651K [0x00000000d5e00000, 0x00000000d8880000, 0x0000000100000000)
  eden space 33280K, 0% used [0x00000000d5e00000,0x00000000d5e00000,0x00000000d7e80000)
  from space 5120K, 32% used [0x00000000d7e80000,0x00000000d801cef0,0x00000000d8380000)
  to   space 5120K, 0% used [0x00000000d8380000,0x00000000d8380000,0x00000000d8880000)
 ParOldGen       total 87552K, used 48608K [0x0000000081a00000, 0x0000000086f80000, 0x00000000d5e00000)
  object space 87552K, 55% used [0x0000000081a00000,0x0000000084978060,0x0000000086f80000)
 Metaspace       used 7612K, capacity 7804K, committed 7808K, reserved 1056768K
  class space    used 826K, capacity 893K, committed 896K, reserved 1048576K
Event: 2.447 GC heap after
Heap after GC invocations=2 (full 1):
 PSYoungGen      total 38400K, used 0K [0x00000000d5e00000, 0x00000000d8880000, 0x0000000100000000)
  eden space 33280K, 0% used [0x00000000d5e00000,0x00000000d5e00000,0x00000000d7e80000)
  from space 5120K, 0% used [0x00000000d7e80000,0x00000000d7e80000,0x00000000d8380000)
  to   space 5120K, 0% used [0x00000000d8380000,0x00000000d8380000,0x00000000d8880000)
 ParOldGen       total 99840K, used 17721K [0x0000000081a00000, 0x0000000087b80000, 0x00000000d5e00000)
  object space 99840K, 17% used [0x0000000081a00000,0x0000000082b4e540,0x0000000087b80000)
 Metaspace       used 7612K, capacity 7804K, committed 7808K, reserved 1056768K
  class space    used 826K, capacity 893K, committed 896K, reserved 1048576K
}
Event: 2.577 GC heap before
{Heap before GC invocations=3 (full 1):
 PSYoungGen      total 38400K, used 33280K [0x00000000d5e00000, 0x00000000d8880000, 0x0000000100000000)
  eden space 33280K, 100% used [0x00000000d5e00000,0x00000000d7e80000,0x00000000d7e80000)
  from space 5120K, 0% used [0x00000000d7e80000,0x00000000d7e80000,0x00000000d8380000)
  to   space 5120K, 0% used [0x00000000d8380000,0x00000000d8380000,0x00000000d8880000)
 ParOldGen       total 99840K, used 17721K [0x0000000081a00000, 0x0000000087b80000, 0x00000000d5e00000)
  object space 99840K, 17% used [0x0000000081a00000,0x0000000082b4e540,0x0000000087b80000)
 Metaspace       used 7641K, capacity 7836K, committed 7936K, reserved 1056768K
  class space    used 827K, capacity 925K, committed 1024K, reserved 1048576K
Event: 2.581 GC heap after
Heap after GC invocations=3 (full 1):
 PSYoungGen      total 38400K, used 128K [0x00000000d5e00000, 0x00000000da380000, 0x0000000100000000)
  eden space 33280K, 0% used [0x00000000d5e00000,0x00000000d5e00000,0x00000000d7e80000)
  from space 5120K, 2% used [0x00000000d8380000,0x00000000d83a0000,0x00000000d8880000)
  to   space 5120K, 0% used [0x00000000d7e80000,0x00000000d7e80000,0x00000000d8380000)
 ParOldGen       total 99840K, used 50129K [0x0000000081a00000, 0x0000000087b80000, 0x00000000d5e00000)
  object space 99840K, 50% used [0x0000000081a00000,0x0000000084af4580,0x0000000087b80000)
 Metaspace       used 7641K, capacity 7836K, committed 7936K, reserved 1056768K
  class space    used 827K, capacity 925K, committed 1024K, reserved 1048576K
}
Event: 2.581 GC heap before
{Heap before GC invocations=4 (full 2):
 PSYoungGen      total 38400K, used 128K [0x00000000d5e00000, 0x00000000da380000, 0x0000000100000000)
  eden space 33280K, 0% used [0x00000000d5e00000,0x00000000d5e00000,0x00000000d7e80000)
  from space 5120K, 2% used [0x00000000d8380000,0x00000000d83a0000,0x00000000d8880000)
  to   space 5120K, 0% used [0x00000000d7e80000,0x00000000d7e80000,0x00000000d8380000)
 ParOldGen       total 99840K, used 50129K [0x0000000081a00000, 0x0000000087b80000, 0x00000000d5e00000)
  object space 99840K, 50% used [0x0000000081a00000,0x0000000084af4580,0x0000000087b80000)
 Metaspace       used 7641K, capacity 7836K, committed 7936K, reserved 1056768K
  class space    used 827K, capacity 925K, committed 1024K, reserved 1048576K
Event: 2.585 GC heap after
Heap after GC invocations=4 (full 2):
 PSYoungGen      total 38400K, used 0K [0x00000000d5e00000, 0x00000000da380000, 0x0000000100000000)
  eden space 33280K, 0% used [0x00000000d5e00000,0x00000000d5e00000,0x00000000d7e80000)
  from space 5120K, 0% used [0x00000000d8380000,0x00000000d8380000,0x00000000d8880000)
  to   space 5120K, 0% used [0x00000000d7e80000,0x00000000d7e80000,0x00000000d8380000)
 ParOldGen       total 138240K, used 33933K [0x0000000081a00000, 0x000000008a100000, 0x00000000d5e00000)
  object space 138240K, 24% used [0x0000000081a00000,0x0000000083b23688,0x000000008a100000)
 Metaspace       used 7641K, capacity 7836K, committed 7936K, reserved 1056768K
  class space    used 827K, capacity 925K, committed 1024K, reserved 1048576K
}
Event: 2.623 GC heap before
{Heap before GC invocations=5 (full 2):
 PSYoungGen      total 38400K, used 33280K [0x00000000d5e00000, 0x00000000da380000, 0x0000000100000000)
  eden space 33280K, 100% used [0x00000000d5e00000,0x00000000d7e80000,0x00000000d7e80000)
  from space 5120K, 0% used [0x00000000d8380000,0x00000000d8380000,0x00000000d8880000)
  to   space 5120K, 0% used [0x00000000d7e80000,0x00000000d7e80000,0x00000000d8380000)
 ParOldGen       total 138240K, used 33933K [0x0000000081a00000, 0x000000008a100000, 0x00000000d5e00000)
  object space 138240K, 24% used [0x0000000081a00000,0x0000000083b23688,0x000000008a100000)
 Metaspace       used 7641K, capacity 7836K, committed 7936K, reserved 1056768K
  class space    used 827K, capacity 925K, committed 1024K, reserved 1048576K
Event: 2.623 GC heap after
Heap after GC invocations=5 (full 2):
 PSYoungGen      total 38400K, used 0K [0x00000000d5e00000, 0x00000000d9680000, 0x0000000100000000)
  eden space 33280K, 0% used [0x00000000d5e00000,0x00000000d5e00000,0x00000000d7e80000)
  from space 5120K, 0% used [0x00000000d7e80000,0x00000000d7e80000,0x00000000d8380000)
  to   space 5120K, 0% used [0x00000000d9180000,0x00000000d9180000,0x00000000d9680000)
 ParOldGen       total 138240K, used 33933K [0x0000000081a00000, 0x000000008a100000, 0x00000000d5e00000)
  object space 138240K, 24% used [0x0000000081a00000,0x0000000083b23688,0x000000008a100000)
 Metaspace       used 7641K, capacity 7836K, committed 7936K, reserved 1056768K
  class space    used 827K, capacity 925K, committed 1024K, reserved 1048576K
}

