# JRE version: Java(TM) SE Runtime Environment (8.0_51-b16) (build 1.8.0_51-b16)
# Java VM: Java HotSpot(TM) 64-Bit Server VM (25.51-b03 mixed mode windows-amd64 compressed oops)
Heap:
 PSYoungGen      total 38400K, used 16457K [0x00000000d5e00000, 0x00000000d9b00000, 0x0000000100000000)
  eden space 33280K, 49% used [0x00000000d5e00000,0x00000000d6e127b8,0x00000000d7e80000)
  from space 5120K, 0% used [0x00000000d7e80000,0x00000000d7e80000,0x00000000d8380000)
  to   space 5120K, 0% used [0x00000000d9600000,0x00000000d9600000,0x00000000d9b00000)
 ParOldGen       total 137728K, used 33930K [0x0000000081a00000, 0x000000008a080000, 0x00000000d5e00000)
  object space 137728K, 24% used [0x0000000081a00000,0x0000000083b22990,0x000000008a080000)
 Metaspace       used 7836K, capacity 7964K, committed 8192K, reserved 1056768K
  class space    used 854K, capacity 925K, committed 1024K, reserved 1048576K
GC Heap History (10 events):
Event: 2.454 GC heap before
{Heap before GC invocations=1 (full 0):
 PSYoungGen      total 38400K, used 32189K [0x00000000d5e00000, 0x00000000d8880000, 0x0000000100000000)
  eden space 33280K, 96% used [0x00000000d5e00000,0x00000000d7d6f7b0,0x00000000d7e80000)
  from space 5120K, 0% used [0x00000000d8380000,0x00000000d8380000,0x00000000d8880000)
  to   space 5120K, 0% used [0x00000000d7e80000,0x00000000d7e80000,0x00000000d8380000)
 ParOldGen       total 87552K, used 0K [0x0000000081a00000, 0x0000000086f80000, 0x00000000d5e00000)
  object space 87552K, 0% used [0x0000000081a00000,0x0000000081a00000,0x0000000086f80000)
 Metaspace       used 7616K, capacity 7804K, committed 7808K, reserved 1056768K
  class space    used 825K, capacity 893K, committed 896K, reserved 1048576K
Event: 2.463 GC heap after
Heap after GC invocations=1 (full 0):
 PSYoungGen      total 38400K, used 1699K [0x00000000d5e00000, 0x00000000d8880000, 0x0000000100000000)
  eden space 33280K, 0% used [0x00000000d5e00000,0x00000000d5e00000,0x00000000d7e80000)
  from space 5120K, 33% used [0x00000000d7e80000,0x00000000d8028f00,0x00000000d8380000)
  to   space 5120K, 0% used [0x00000000d8380000,0x00000000d8380000,0x00000000d8880000)
 ParOldGen       total 87552K, used 48608K [0x0000000081a00000, 0x0000000086f80000, 0x00000000d5e00000)
  object space 87552K, 55% used [0x0000000081a00000,0x0000000084978060,0x0000000086f80000)
 Metaspace       used 7616K, capacity 7804K, committed 7808K, reserved 1056768K
  class space    used 825K, capacity 893K, committed 896K, reserved 1048576K
}
Event: 2.463 GC heap before
{Heap before GC invocations=2 (full 1):
 PSYoungGen      total 38400K, used 1699K [0x00000000d5e00000, 0x00000000d8880000, 0x0000000100000000)
  eden space 33280K, 0% used [0x00000000d5e00000,0x00000000d5e00000,0x00000000d7e80000)
  from space 5120K, 33% used [0x00000000d7e80000,0x00000000d8028f00,0x00000000d8380000)
  to   space 5120K, 0% used [0x00000000d8380000,0x00000000d8380000,0x00000000d8880000)
 ParOldGen       total 87552K, used 48608K [0x0000000081a00000, 0x0000000086f80000, 0x00000000d5e00000)
  object space 87552K, 55% used [0x0000000081a00000,0x0000000084978060,0x0000000086f80000)
 Metaspace       used 7616K, capacity 7804K, committed 7808K, reserved 1056768K
  class space    used 825K, capacity 893K, committed 896K, reserved 1048576K
Event: 2.471 GC heap after
Heap after GC invocations=2 (full 1):
 PSYoungGen      total 38400K, used 0K [0x00000000d5e00000, 0x00000000d8880000, 0x0000000100000000)
  eden space 33280K, 0% used [0x00000000d5e00000,0x00000000d5e00000,0x00000000d7e80000)
  from space 5120K, 0% used [0x00000000d7e80000,0x00000000d7e80000,0x00000000d8380000)
  to   space 5120K, 0% used [0x00000000d8380000,0x00000000d8380000,0x00000000d8880000)
 ParOldGen       total 99840K, used 17718K [0x0000000081a00000, 0x0000000087b80000, 0x00000000d5e00000)
  object space 99840K, 17% used [0x0000000081a00000,0x0000000082b4d8b8,0x0000000087b80000)
 Metaspace       used 7616K, capacity 7804K, committed 7808K, reserved 1056768K
  class space    used 825K, capacity 893K, committed 896K, reserved 1048576K
}
Event: 2.604 GC heap before
{Heap before GC invocations=3 (full 1):
 PSYoungGen      total 38400K, used 33280K [0x00000000d5e00000, 0x00000000d8880000, 0x0000000100000000)
  eden space 33280K, 100% used [0x00000000d5e00000,0x00000000d7e80000,0x00000000d7e80000)
  from space 5120K, 0% used [0x00000000d7e80000,0x00000000d7e80000,0x00000000d8380000)
  to   space 5120K, 0% used [0x00000000d8380000,0x00000000d8380000,0x00000000d8880000)
 ParOldGen       total 99840K, used 17718K [0x0000000081a00000, 0x0000000087b80000, 0x00000000d5e00000)
  object space 99840K, 17% used [0x0000000081a00000,0x0000000082b4d8b8,0x0000000087b80000)
 Metaspace       used 7645K, capacity 7836K, committed 7936K, reserved 1056768K
  class space    used 826K, capacity 925K, committed 1024K, reserved 1048576K
Event: 2.608 GC heap after
Heap after GC invocations=3 (full 1):
 PSYoungGen      total 38400K, used 96K [0x00000000d5e00000, 0x00000000da380000, 0x0000000100000000)
  eden space 33280K, 0% used [0x00000000d5e00000,0x00000000d5e00000,0x00000000d7e80000)
  from space 5120K, 1% used [0x00000000d8380000,0x00000000d8398000,0x00000000d8880000)
  to   space 5120K, 0% used [0x00000000d7e80000,0x00000000d7e80000,0x00000000d8380000)
 ParOldGen       total 99840K, used 50126K [0x0000000081a00000, 0x0000000087b80000, 0x00000000d5e00000)
  object space 99840K, 50% used [0x0000000081a00000,0x0000000084af38f8,0x0000000087b80000)
 Metaspace       used 7645K, capacity 7836K, committed 7936K, reserved 1056768K
  class space    used 826K, capacity 925K, committed 1024K, reserved 1048576K
}
Event: 2.608 GC heap before
{Heap before GC invocations=4 (full 2):
 PSYoungGen      total 38400K, used 96K [0x00000000d5e00000, 0x00000000da380000, 0x0000000100000000)
  eden space 33280K, 0% used [0x00000000d5e00000,0x00000000d5e00000,0x00000000d7e80000)
  from space 5120K, 1% used [0x00000000d8380000,0x00000000d8398000,0x00000000d8880000)
  to   space 5120K, 0% used [0x00000000d7e80000,0x00000000d7e80000,0x00000000d8380000)
 ParOldGen       total 99840K, used 50126K [0x0000000081a00000, 0x0000000087b80000, 0x00000000d5e00000)
  object space 99840K, 50% used [0x0000000081a00000,0x0000000084af38f8,0x0000000087b80000)
 Metaspace       used 7645K, capacity 7836K, committed 7936K, reserved 1056768K
  class space    used 826K, capacity 925K, committed 1024K, reserved 1048576K
Event: 2.612 GC heap after
Heap after GC invocations=4 (full 2):
 PSYoungGen      total 38400K, used 0K [0x00000000d5e00000, 0x00000000da380000, 0x0000000100000000)
  eden space 33280K, 0% used [0x00000000d5e00000,0x00000000d5e00000,0x00000000d7e80000)
  from space 5120K, 0% used [0x00000000d8380000,0x00000000d8380000,0x00000000d8880000)
  to   space 5120K, 0% used [0x00000000d7e80000,0x00000000d7e80000,0x00000000d8380000)
 ParOldGen       total 137728K, used 33930K [0x0000000081a00000, 0x000000008a080000, 0x00000000d5e00000)
  object space 137728K, 24% used [0x0000000081a00000,0x0000000083b22990,0x000000008a080000)
 Metaspace       used 7645K, capacity 7836K, committed 7936K, reserved 1056768K
  class space    used 826K, capacity 925K, committed 1024K, reserved 1048576K
}
Event: 2.650 GC heap before
{Heap before GC invocations=5 (full 2):
 PSYoungGen      total 38400K, used 33280K [0x00000000d5e00000, 0x00000000da380000, 0x0000000100000000)
  eden space 33280K, 100% used [0x00000000d5e00000,0x00000000d7e80000,0x00000000d7e80000)
  from space 5120K, 0% used [0x00000000d8380000,0x00000000d8380000,0x00000000d8880000)
  to   space 5120K, 0% used [0x00000000d7e80000,0x00000000d7e80000,0x00000000d8380000)
 ParOldGen       total 137728K, used 33930K [0x0000000081a00000, 0x000000008a080000, 0x00000000d5e00000)
  object space 137728K, 24% used [0x0000000081a00000,0x0000000083b22990,0x000000008a080000)
 Metaspace       used 7645K, capacity 7836K, committed 7936K, reserved 1056768K
  class space    used 826K, capacity 925K, committed 1024K, reserved 1048576K
Event: 2.652 GC heap after
Heap after GC invocations=5 (full 2):
 PSYoungGen      total 38400K, used 0K [0x00000000d5e00000, 0x00000000d9b00000, 0x0000000100000000)
  eden space 33280K, 0% used [0x00000000d5e00000,0x00000000d5e00000,0x00000000d7e80000)
  from space 5120K, 0% used [0x00000000d7e80000,0x00000000d7e80000,0x00000000d8380000)
  to   space 5120K, 0% used [0x00000000d9600000,0x00000000d9600000,0x00000000d9b00000)
 ParOldGen       total 137728K, used 33930K [0x0000000081a00000, 0x000000008a080000, 0x00000000d5e00000)
  object space 137728K, 24% used [0x0000000081a00000,0x0000000083b22990,0x000000008a080000)
 Metaspace       used 7645K, capacity 7836K, committed 7936K, reserved 1056768K
  class space    used 826K, capacity 925K, committed 1024K, reserved 1048576K
}

