# JRE version: Java(TM) SE Runtime Environment (8.0_51-b16) (build 1.8.0_51-b16)
# Java VM: Java HotSpot(TM) 64-Bit Server VM (25.51-b03 mixed mode windows-amd64 compressed oops)
Heap:
 PSYoungGen      total 38400K, used 16470K [0x00000000d5e00000, 0x00000000da500000, 0x0000000100000000)
  eden space 33280K, 49% used [0x00000000d5e00000,0x00000000d6e15828,0x00000000d7e80000)
  from space 5120K, 0% used [0x00000000d7e80000,0x00000000d7e80000,0x00000000d8380000)
  to   space 5120K, 0% used [0x00000000da000000,0x00000000da000000,0x00000000da500000)
 ParOldGen       total 102912K, used 33525K [0x0000000081a00000, 0x0000000087e80000, 0x00000000d5e00000)
  object space 102912K, 32% used [0x0000000081a00000,0x0000000083abd7c0,0x0000000087e80000)
 Metaspace       used 7837K, capacity 7964K, committed 8192K, reserved 1056768K
  class space    used 854K, capacity 925K, committed 1024K, reserved 1048576K
GC Heap History (8 events):
Event: 2.469 GC heap before
{Heap before GC invocations=1 (full 0):
 PSYoungGen      total 38400K, used 32188K [0x00000000d5e00000, 0x00000000d8880000, 0x0000000100000000)
  eden space 33280K, 96% used [0x00000000d5e00000,0x00000000d7d6f108,0x00000000d7e80000)
  from space 5120K, 0% used [0x00000000d8380000,0x00000000d8380000,0x00000000d8880000)
  to   space 5120K, 0% used [0x00000000d7e80000,0x00000000d7e80000,0x00000000d8380000)
 ParOldGen       total 87552K, used 0K [0x0000000081a00000, 0x0000000086f80000, 0x00000000d5e00000)
  object space 87552K, 0% used [0x0000000081a00000,0x0000000081a00000,0x0000000086f80000)
 Metaspace       used 7616K, capacity 7804K, committed 7808K, reserved 1056768K
  class space    used 825K, capacity 893K, committed 896K, reserved 1048576K
Event: 2.493 GC heap after
Heap after GC invocations=1 (full 0):
 PSYoungGen      total 38400K, used 1667K [0x00000000d5e00000, 0x00000000d8880000, 0x0000000100000000)
  eden space 33280K, 0% used [0x00000000d5e00000,0x00000000d5e00000,0x00000000d7e80000)
  from space 5120K, 32% used [0x00000000d7e80000,0x00000000d8020f00,0x00000000d8380000)
  to   space 5120K, 0% used [0x00000000d8380000,0x00000000d8380000,0x00000000d8880000)
 ParOldGen       total 87552K, used 32408K [0x0000000081a00000, 0x0000000086f80000, 0x00000000d5e00000)
  object space 87552K, 37% used [0x0000000081a00000,0x00000000839a6040,0x0000000086f80000)
 Metaspace       used 7616K, capacity 7804K, committed 7808K, reserved 1056768K
  class space    used 825K, capacity 893K, committed 896K, reserved 1048576K
}
Event: 2.628 GC heap before
{Heap before GC invocations=2 (full 0):
 PSYoungGen      total 38400K, used 34947K [0x00000000d5e00000, 0x00000000d8880000, 0x0000000100000000)
  eden space 33280K, 100% used [0x00000000d5e00000,0x00000000d7e80000,0x00000000d7e80000)
  from space 5120K, 32% used [0x00000000d7e80000,0x00000000d8020f00,0x00000000d8380000)
  to   space 5120K, 0% used [0x00000000d8380000,0x00000000d8380000,0x00000000d8880000)
 ParOldGen       total 87552K, used 32408K [0x0000000081a00000, 0x0000000086f80000, 0x00000000d5e00000)
  object space 87552K, 37% used [0x0000000081a00000,0x00000000839a6040,0x0000000086f80000)
 Metaspace       used 7645K, capacity 7836K, committed 7936K, reserved 1056768K
  class space    used 826K, capacity 925K, committed 1024K, reserved 1048576K
Event: 2.637 GC heap after
Heap after GC invocations=2 (full 0):
 PSYoungGen      total 38400K, used 1264K [0x00000000d5e00000, 0x00000000da900000, 0x0000000100000000)
  eden space 33280K, 0% used [0x00000000d5e00000,0x00000000d5e00000,0x00000000d7e80000)
  from space 5120K, 24% used [0x00000000d8380000,0x00000000d84bc010,0x00000000d8880000)
  to   space 5120K, 0% used [0x00000000d7e80000,0x00000000d7e80000,0x00000000d8380000)
 ParOldGen       total 87552K, used 64816K [0x0000000081a00000, 0x0000000086f80000, 0x00000000d5e00000)
  object space 87552K, 74% used [0x0000000081a00000,0x000000008594c080,0x0000000086f80000)
 Metaspace       used 7645K, capacity 7836K, committed 7936K, reserved 1056768K
  class space    used 826K, capacity 925K, committed 1024K, reserved 1048576K
}
Event: 2.637 GC heap before
{Heap before GC invocations=3 (full 1):
 PSYoungGen      total 38400K, used 1264K [0x00000000d5e00000, 0x00000000da900000, 0x0000000100000000)
  eden space 33280K, 0% used [0x00000000d5e00000,0x00000000d5e00000,0x00000000d7e80000)
  from space 5120K, 24% used [0x00000000d8380000,0x00000000d84bc010,0x00000000d8880000)
  to   space 5120K, 0% used [0x00000000d7e80000,0x00000000d7e80000,0x00000000d8380000)
 ParOldGen       total 87552K, used 64816K [0x0000000081a00000, 0x0000000086f80000, 0x00000000d5e00000)
  object space 87552K, 74% used [0x0000000081a00000,0x000000008594c080,0x0000000086f80000)
 Metaspace       used 7645K, capacity 7836K, committed 7936K, reserved 1056768K
  class space    used 826K, capacity 925K, committed 1024K, reserved 1048576K
Event: 2.648 GC heap after
Heap after GC invocations=3 (full 1):
 PSYoungGen      total 38400K, used 0K [0x00000000d5e00000, 0x00000000da900000, 0x0000000100000000)
  eden space 33280K, 0% used [0x00000000d5e00000,0x00000000d5e00000,0x00000000d7e80000)
  from space 5120K, 0% used [0x00000000d8380000,0x00000000d8380000,0x00000000d8880000)
  to   space 5120K, 0% used [0x00000000d7e80000,0x00000000d7e80000,0x00000000d8380000)
 ParOldGen       total 102912K, used 33525K [0x0000000081a00000, 0x0000000087e80000, 0x00000000d5e00000)
  object space 102912K, 32% used [0x0000000081a00000,0x0000000083abd7c0,0x0000000087e80000)
 Metaspace       used 7645K, capacity 7836K, committed 7936K, reserved 1056768K
  class space    used 826K, capacity 925K, committed 1024K, reserved 1048576K
}
Event: 2.685 GC heap before
{Heap before GC invocations=4 (full 1):
 PSYoungGen      total 38400K, used 33280K [0x00000000d5e00000, 0x00000000da900000, 0x0000000100000000)
  eden space 33280K, 100% used [0x00000000d5e00000,0x00000000d7e80000,0x00000000d7e80000)
  from space 5120K, 0% used [0x00000000d8380000,0x00000000d8380000,0x00000000d8880000)
  to   space 5120K, 0% used [0x00000000d7e80000,0x00000000d7e80000,0x00000000d8380000)
 ParOldGen       total 102912K, used 33525K [0x0000000081a00000, 0x0000000087e80000, 0x00000000d5e00000)
  object space 102912K, 32% used [0x0000000081a00000,0x0000000083abd7c0,0x0000000087e80000)
 Metaspace       used 7645K, capacity 7836K, committed 7936K, reserved 1056768K
  class space    used 826K, capacity 925K, committed 1024K, reserved 1048576K
Event: 2.686 GC heap after
Heap after GC invocations=4 (full 1):
 PSYoungGen      total 38400K, used 0K [0x00000000d5e00000, 0x00000000da500000, 0x0000000100000000)
  eden space 33280K, 0% used [0x00000000d5e00000,0x00000000d5e00000,0x00000000d7e80000)
  from space 5120K, 0% used [0x00000000d7e80000,0x00000000d7e80000,0x00000000d8380000)
  to   space 5120K, 0% used [0x00000000da000000,0x00000000da000000,0x00000000da500000)
 ParOldGen       total 102912K, used 33525K [0x0000000081a00000, 0x0000000087e80000, 0x00000000d5e00000)
  object space 102912K, 32% used [0x0000000081a00000,0x0000000083abd7c0,0x0000000087e80000)
 Metaspace       used 7645K, capacity 7836K, committed 7936K, reserved 1056768K
  class space    used 826K, capacity 925K, committed 1024K, reserved 1048576K
}

